<?xml version="1.0" encoding="UTF-8"?>
<!-- Generated by org.testng.reporters.JUnitReportReporter -->
<testsuite hostname="DESKTOP-8JS9NQE" failures="0" tests="1" name="testCase.Testcase001" time="33.597" errors="0" timestamp="2024-01-08T10:25:25 IST" skipped="0">
  <testcase classname="testCase.Testcase001" name="loginfunctionality" time="33.597"/>
  <system-out/>
</testsuite> <!-- testCase.Testcase001 -->
